DEBUG: send TERM 1,LF
DEBUG: send SNDT 1,'TERM 0'
DEBUG: send TERM 2,LF
DEBUG: send SNDT 2,'TERM 0'
DEBUG: send TERM 3,LF
DEBUG: send SNDT 3,'TERM 0'
DEBUG: send TERM 4,LF
DEBUG: send SNDT 4,'TERM 0'
DEBUG: send TERM 5,LF
DEBUG: send SNDT 5,'TERM 0'
DEBUG: send TERM 6,LF
DEBUG: send SNDT 6,'TERM 0'
DEBUG: send TERM 7,LF
DEBUG: send SNDT 7,'TERM 0'
DEBUG: send TERM 8,LF
DEBUG: send SNDT 8,'TERM 0'
DEBUG: send TERM 9,LF
DEBUG: send SNDT 9,'TERM 0'
DEBUG: send RPER 32766
DEBUG: send SNDT 1,'TPER 100'
DEBUG: send SNDT 1,'TVAL? 0'
DEBUG: send SNDT 4,'*IDN?'
DEBUG: send SNDT 5,'*IDN?'
DEBUG: send SNDT 6,'*IDN?'
DEBUG: recv MSG 1,#213+0.000000E+00
DEBUG: file write: 1517028116964, +0.000000E+00
DEBUG: recv MSG 4,#250Stanford_Research_Systems,SIM922,s/n023413,ver2.70
DEBUG: recv MSG 5,#250Stanford_Research_Systems,SIM922,s/n023414,ver2.70
DEBUG: recv MSG 6,#250Stanford_Research_Systems,SIM922,s/n023415,ver2.70
DEBUG: file write: 1517028117042, Stanford_Research_Systems,SIM922,s/n023413,ver2.70, Stanford_Research_Systems,SIM922,s/n023414,ver2.70, Stanford_Research_Systems,SIM922,s/n023415,ver2.70
DEBUG: recv MSG 1,#213+0.000000E+00
DEBUG: file write: 1517028117194, +0.000000E+00
DEBUG: recv MSG 1,#213+0.000000E+00
DEBUG: file write: 1517028117229, +0.000000E+00
DEBUG: recv MSG 1,#213+0.000000E+00
DEBUG: file write: 1517028117261, +0.000000E+00
DEBUG: recv MSG 1,#213+0.000000E+00
DEBUG: file write: 1517028117360, +0.000000E+00
DEBUG: recv MSG 1,#213+0.000000E+00
DEBUG: file write: 1517028117460, +0.000000E+00
DEBUG: recv MSG 1,#213+0.000000E+00
DEBUG: file write: 1517028117560, +0.000000E+00
DEBUG: recv MSG 1,#213+0.000000E+00
DEBUG: file write: 1517028117660, +0.000000E+00
DEBUG: recv MSG 1,#213+0.000000E+00
DEBUG: file write: 1517028117760, +0.000000E+00
DEBUG: recv MSG 1,#213+0.000000E+00
DEBUG: file write: 1517028117860, +0.000000E+00
DEBUG: send SNDT 4,'*IDN?'
DEBUG: send SNDT 5,'*IDN?'
DEBUG: send SNDT 6,'*IDN?'
DEBUG: recv MSG 1,#213+0.000000E+00
DEBUG: file write: 1517028117954, +0.000000E+00
DEBUG: recv MSG 4,#216Stanford_Researc
DEBUG: recv MSG 4,#234h_Systems,SIM922,s/n023413,ver2.70
DEBUG: recv MSG 5,#250Stanford_Research_Systems,SIM922,s/n023414,ver2.70
DEBUG: file write: 1517028117989, Stanford_Researc, h_Systems,SIM922,s/n023413,ver2.70, Stanford_Research_Systems,SIM922,s/n023414,ver2.70
DEBUG: recv MSG 1,#213+0.000000E+00
DEBUG: file write: 1517028118143, +0.000000E+00
DEBUG: recv MSG 6,#250Stanford_Research_Systems,SIM922,s/n023415,ver2.70
DEBUG: recv MSG 1,#213+0.000000E+00
DEBUG: file write: 1517028118230, +0.000000E+00
DEBUG: recv MSG 1,#213+0.000000E+00
DEBUG: file write: 1517028118261, +0.000000E+00
DEBUG: recv MSG 1,#213+0.000000E+00
DEBUG: file write: 1517028118360, +0.000000E+00
DEBUG: recv MSG 1,#213+0.000000E+00
DEBUG: file write: 1517028118460, +0.000000E+00
DEBUG: recv MSG 1,#213+0.000000E+00
DEBUG: file write: 1517028118561, +0.000000E+00
DEBUG: recv MSG 1,#213+0.000000E+00
DEBUG: file write: 1517028118660, +0.000000E+00
DEBUG: recv MSG 1,#213+0.000000E+00
DEBUG: file write: 1517028118760, +0.000000E+00
DEBUG: recv MSG 1,#213+0.000000E+00
DEBUG: file write: 1517028118861, +0.000000E+00
DEBUG: send SNDT 4,'*IDN?'
DEBUG: send SNDT 5,'*IDN?'
DEBUG: send SNDT 6,'*IDN?'
DEBUG: recv MSG 1,#213+0.000000E+00
DEBUG: file write: 1517028118961, +0.000000E+00
DEBUG: recv MSG 4,#250Stanford_Research_Systems,SIM922,s/n023413,ver2.70
DEBUG: recv MSG 1,#213+0.000000E+00
DEBUG: file write: 1517028119109, +0.000000E+00
DEBUG: recv MSG 5,#250Stanford_Research_Systems,SIM922,s/n023414,ver2.70
DEBUG: file write: 1517028118194, Stanford_Research_Systems,SIM922,s/n023415,ver2.70, Stanford_Research_Systems,SIM922,s/n023413,ver2.70, Stanford_Research_Systems,SIM922,s/n023414,ver2.70
DEBUG: recv MSG 6,#250Stanford_Research_Systems,SIM922,s/n023415,ver2.70
DEBUG: recv MSG 1,#213+0.000000E+00
DEBUG: file write: 1517028119260, +0.000000E+00
DEBUG: recv MSG 1,#213+0.000000E+00
DEBUG: file write: 1517028119292, +0.000000E+00
DEBUG: recv MSG 1,#213+0.000000E+00
DEBUG: file write: 1517028119360, +0.000000E+00
DEBUG: recv MSG 1,#213+0.000000E+00
DEBUG: file write: 1517028119460, +0.000000E+00
DEBUG: recv MSG 1,#213+0.000000E+00
DEBUG: file write: 1517028119561, +0.000000E+00
DEBUG: recv MSG 1,#213+0.000000E+00
DEBUG: file write: 1517028119661, +0.000000E+00
DEBUG: recv MSG 1,#213+0.000000E+00
DEBUG: file write: 1517028119760, +0.000000E+00
DEBUG: recv MSG 1,#213+0.000000E+00
DEBUG: file write: 1517028119860, +0.000000E+00
DEBUG: send SNDT 4,'*IDN?'
DEBUG: send SNDT 5,'*IDN?'
DEBUG: send SNDT 6,'*IDN?'
DEBUG: recv MSG 1,#213+0.000000E+00
DEBUG: file write: 1517028119960, +0.000000E+00
DEBUG: recv MSG 1,#213+0.000000E+00
DEBUG: file write: 1517028120053, +0.000000E+00
DEBUG: recv MSG 4,#250Stanford_Research_Systems,SIM922,s/n023413,ver2.70
DEBUG: recv MSG 5,#250Stanford_Research_Systems,SIM922,s/n023414,ver2.70
DEBUG: file write: 1517028119227, Stanford_Research_Systems,SIM922,s/n023415,ver2.70, Stanford_Research_Systems,SIM922,s/n023413,ver2.70, Stanford_Research_Systems,SIM922,s/n023414,ver2.70
DEBUG: recv MSG 6,#250Stanford_Research_Systems,SIM922,s/n023415,ver2.70
DEBUG: recv MSG 1,#213+0.000000E+00
DEBUG: file write: 1517028120271, +0.000000E+00
DEBUG: recv MSG 1,#213+0.000000E+00
DEBUG: file write: 1517028120303, +0.000000E+00
DEBUG: recv MSG 1,#213+0.000000E+00
DEBUG: file write: 1517028120360, +0.000000E+00
DEBUG: recv MSG 1,#213+0.000000E+00
DEBUG: file write: 1517028120461, +0.000000E+00
DEBUG: recv MSG 1,#213+0.000000E+00
DEBUG: file write: 1517028120561, +0.000000E+00
DEBUG: recv MSG 1,#213+0.000000E+00
DEBUG: file write: 1517028120660, +0.000000E+00
DEBUG: recv MSG 1,#213+0.000000E+00
DEBUG: file write: 1517028120761, +0.000000E+00
DEBUG: recv MSG 1,#213+0.000000E+00
DEBUG: file write: 1517028120861, +0.000000E+00
DEBUG: send SNDT 4,'*IDN?'
DEBUG: send SNDT 5,'*IDN?'
DEBUG: send SNDT 6,'*IDN?'
DEBUG: recv MSG 1,#213+0.000000E+00
DEBUG: file write: 1517028120960, +0.000000E+00
DEBUG: recv MSG 1,#213+0.000000E+00
DEBUG: file write: 1517028121053, +0.000000E+00
DEBUG: recv MSG 4,#250Stanford_Research_Systems,SIM922,s/n023413,ver2.70
DEBUG: recv MSG 5,#250Stanford_Research_Systems,SIM922,s/n023414,ver2.70
DEBUG: file write: 1517028120238, Stanford_Research_Systems,SIM922,s/n023415,ver2.70, Stanford_Research_Systems,SIM922,s/n023413,ver2.70, Stanford_Research_Systems,SIM922,s/n023414,ver2.70
DEBUG: recv MSG 6,#250Stanford_Research_Systems,SIM922,s/n023415,ver2.70
DEBUG: recv MSG 1,#213+0.000000E+00
DEBUG: file write: 1517028121271, +0.000000E+00
DEBUG: recv MSG 1,#213+0.000000E+00
DEBUG: file write: 1517028121304, +0.000000E+00
DEBUG: recv MSG 1,#213+0.000000E+00
DEBUG: file write: 1517028121360, +0.000000E+00
DEBUG: recv MSG 1,#213+0.000000E+00
DEBUG: file write: 1517028121460, +0.000000E+00
DEBUG: recv MSG 1,#213+0.000000E+00
DEBUG: file write: 1517028121560, +0.000000E+00
DEBUG: recv MSG 1,#213+0.000000E+00
DEBUG: file write: 1517028121661, +0.000000E+00
DEBUG: recv MSG 1,#213+0.000000E+00
DEBUG: file write: 1517028121760, +0.000000E+00
DEBUG: recv MSG 1,#213+0.000000E+00
DEBUG: file write: 1517028121862, +0.000000E+00
DEBUG: recv MSG 1,#213+0.000000E+00
DEBUG: file write: 1517028121961, +0.000000E+00
DEBUG: send SNDT 4,'*IDN?'
DEBUG: send SNDT 5,'*IDN?'
DEBUG: send SNDT 6,'*IDN?'
DEBUG: recv MSG 1,#213+0.000000E+00
DEBUG: file write: 1517028122060, +0.000000E+00
DEBUG: recv MSG 4,#250Stanford_Research_Systems,SIM922,s/n023413,ver2.70
DEBUG: recv MSG 5,#250Stanford_Research_Systems,SIM922,s/n023414,ver2.70
DEBUG: file write: 1517028121238, Stanford_Research_Systems,SIM922,s/n023415,ver2.70, Stanford_Research_Systems,SIM922,s/n023413,ver2.70, Stanford_Research_Systems,SIM922,s/n023414,ver2.70
DEBUG: recv MSG 6,#250Stanford_Research_Systems,SIM922,s/n023415,ver2.70
DEBUG: recv MSG 1,#213+0.000000E+00
DEBUG: file write: 1517028122279, +0.000000E+00
DEBUG: recv MSG 1,#213+0.000000E+00
DEBUG: file write: 1517028122318, +0.000000E+00
DEBUG: recv MSG 1,#213+0.000000E+00
DEBUG: file write: 1517028122360, +0.000000E+00
DEBUG: recv MSG 1,#213+0.000000E+00
DEBUG: file write: 1517028122460, +0.000000E+00
DEBUG: recv MSG 1,#213+0.000000E+00
DEBUG: file write: 1517028122560, +0.000000E+00
DEBUG: recv MSG 1,#213+0.000000E+00
DEBUG: file write: 1517028122660, +0.000000E+00
DEBUG: recv MSG 1,#213+0.000000E+00
DEBUG: file write: 1517028122760, +0.000000E+00
DEBUG: recv MSG 1,#213+0.000000E+00
DEBUG: file write: 1517028122860, +0.000000E+00
DEBUG: recv MSG 1,#213+0.000000E+00
DEBUG: file write: 1517028122960, +0.000000E+00
DEBUG: send SNDT 4,'*IDN?'
DEBUG: send SNDT 5,'*IDN?'
DEBUG: send SNDT 6,'*IDN?'
DEBUG: recv MSG 1,#213+0.000000E+00
DEBUG: file write: 1517028123062, +0.000000E+00
DEBUG: recv MSG 4,#250Stanford_Research_Systems,SIM922,s/n023413,ver2.70
DEBUG: recv MSG 5,#250Stanford_Research_Systems,SIM922,s/n023414,ver2.70
DEBUG: file write: 1517028122262, Stanford_Research_Systems,SIM922,s/n023415,ver2.70, Stanford_Research_Systems,SIM922,s/n023413,ver2.70, Stanford_Research_Systems,SIM922,s/n023414,ver2.70
DEBUG: recv MSG 6,#250Stanford_Research_Systems,SIM922,s/n023415,ver2.70
DEBUG: recv MSG 1,#213+0.000000E+00
DEBUG: file write: 1517028123295, +0.000000E+00
DEBUG: recv MSG 1,#213+0.000000E+00
DEBUG: file write: 1517028123329, +0.000000E+00
DEBUG: recv MSG 1,#213+0.000000E+00
DEBUG: file write: 1517028123362, +0.000000E+00
DEBUG: recv MSG 1,#213+0.000000E+00
DEBUG: file write: 1517028123461, +0.000000E+00
DEBUG: recv MSG 1,#213+0.000000E+00
DEBUG: file write: 1517028123561, +0.000000E+00
DEBUG: recv MSG 1,#213+0.000000E+00
DEBUG: file write: 1517028123660, +0.000000E+00
DEBUG: recv MSG 1,#213+0.000000E+00
DEBUG: file write: 1517028123761, +0.000000E+00
DEBUG: recv MSG 1,#213+0.000000E+00
DEBUG: file write: 1517028123861, +0.000000E+00
DEBUG: recv MSG 1,#213+0.000000E+00
DEBUG: file write: 1517028123960, +0.000000E+00
DEBUG: send SNDT 4,'*IDN?'
DEBUG: send SNDT 5,'*IDN?'
DEBUG: send SNDT 6,'*IDN?'
DEBUG: recv MSG 1,#213+0.000000E+00
DEBUG: file write: 1517028124062, +0.000000E+00
DEBUG: recv MSG 4,#250Stanford_Research_Systems,SIM922,s/n023413,ver2.70
DEBUG: recv MSG 5,#250Stanford_Research_Systems,SIM922,s/n023414,ver2.70
DEBUG: file write: 1517028123279, Stanford_Research_Systems,SIM922,s/n023415,ver2.70, Stanford_Research_Systems,SIM922,s/n023413,ver2.70, Stanford_Research_Systems,SIM922,s/n023414,ver2.70
DEBUG: recv MSG 1,#213+0.000000E+00
DEBUG: file write: 1517028124263, +0.000000E+00
DEBUG: recv MSG 6,#250Stanford_Research_Systems,SIM922,s/n023415,ver2.70
DEBUG: recv MSG 1,#213+0.000000E+00
DEBUG: file write: 1517028124347, +0.000000E+00
DEBUG: recv MSG 1,#213+0.000000E+00
DEBUG: file write: 1517028124379, +0.000000E+00
DEBUG: recv MSG 1,#213+0.000000E+00
DEBUG: file write: 1517028124461, +0.000000E+00
DEBUG: recv MSG 1,#213+0.000000E+00
DEBUG: file write: 1517028124559, +0.000000E+00
DEBUG: recv MSG 1,#213+0.000000E+00
DEBUG: file write: 1517028124661, +0.000000E+00
DEBUG: recv MSG 1,#213+0.000000E+00
DEBUG: file write: 1517028124760, +0.000000E+00
DEBUG: recv MSG 1,#208+0.00000
DEBUG: file write: 1517028124838, +0.00000
DEBUG: recv MSG 1,#2050E+00
DEBUG: file write: 1517028124857, 0E+00
DEBUG: recv MSG 1,#213+0.000000E+00
DEBUG: file write: 1517028124960, +0.000000E+00
DEBUG: send SNDT 4,'*IDN?'
DEBUG: send SNDT 5,'*IDN?'
DEBUG: send SNDT 6,'*IDN?'
DEBUG: recv MSG 1,#213+0.000000E+00
DEBUG: file write: 1517028125060, +0.000000E+00
DEBUG: recv MSG 4,#250Stanford_Research_Systems,SIM922,s/n023413,ver2.70
DEBUG: recv MSG 1,#213+0.000000E+00
DEBUG: file write: 1517028125213, +0.000000E+00
DEBUG: recv MSG 5,#250Stanford_Research_Systems,SIM922,s/n023414,ver2.70
DEBUG: file write: 1517028124314, Stanford_Research_Systems,SIM922,s/n023415,ver2.70, Stanford_Research_Systems,SIM922,s/n023413,ver2.70, Stanford_Research_Systems,SIM922,s/n023414,ver2.70
DEBUG: recv MSG 6,#250Stanford_Research_Systems,SIM922,s/n023415,ver2.70
DEBUG: recv MSG 1,#213+0.000000E+00
DEBUG: file write: 1517028125364, +0.000000E+00
DEBUG: recv MSG 1,#213+0.000000E+00
DEBUG: file write: 1517028125395, +0.000000E+00
DEBUG: recv MSG 1,#213+0.000000E+00
DEBUG: file write: 1517028125461, +0.000000E+00
DEBUG: recv MSG 1,#213+0.000000E+00
DEBUG: file write: 1517028125561, +0.000000E+00
DEBUG: recv MSG 1,#213+0.000000E+00
DEBUG: file write: 1517028125660, +0.000000E+00
DEBUG: recv MSG 1,#213+0.000000E+00
DEBUG: file write: 1517028125761, +0.000000E+00
DEBUG: recv MSG 1,#213+0.000000E+00
DEBUG: file write: 1517028125860, +0.000000E+00
DEBUG: recv MSG 1,#213+0.000000E+00
DEBUG: file write: 1517028125961, +0.000000E+00
DEBUG: send SNDT 4,'*IDN?'
DEBUG: send SNDT 5,'*IDN?'
DEBUG: send SNDT 6,'*IDN?'
DEBUG: recv MSG 1,#213+0.000000E+00
DEBUG: file write: 1517028126061, +0.000000E+00
DEBUG: recv MSG 1,#213+0.000000E+00
DEBUG: file write: 1517028126154, +0.000000E+00
DEBUG: recv MSG 4,#250Stanford_Research_Systems,SIM922,s/n023413,ver2.70
DEBUG: recv MSG 5,#250Stanford_Research_Systems,SIM922,s/n023414,ver2.70
DEBUG: file write: 1517028125331, Stanford_Research_Systems,SIM922,s/n023415,ver2.70, Stanford_Research_Systems,SIM922,s/n023413,ver2.70, Stanford_Research_Systems,SIM922,s/n023414,ver2.70
DEBUG: recv MSG 6,#250Stanford_Research_Systems,SIM922,s/n023415,ver2.70
DEBUG: recv MSG 1,#213+0.000000E+00
DEBUG: file write: 1517028126372, +0.000000E+00
DEBUG: recv MSG 1,#213+0.000000E+00
DEBUG: file write: 1517028126403, +0.000000E+00
DEBUG: recv MSG 1,#213+0.000000E+00
DEBUG: file write: 1517028126461, +0.000000E+00
DEBUG: recv MSG 1,#213+0.000000E+00
DEBUG: file write: 1517028126560, +0.000000E+00
DEBUG: recv MSG 1,#213+0.000000E+00
DEBUG: file write: 1517028126661, +0.000000E+00
DEBUG: recv MSG 1,#213+0.000000E+00
DEBUG: file write: 1517028126762, +0.000000E+00
DEBUG: recv MSG 1,#213+0.000000E+00
DEBUG: file write: 1517028126860, +0.000000E+00
DEBUG: recv MSG 1,#213+0.000000E+00
DEBUG: file write: 1517028126960, +0.000000E+00
DEBUG: send SNDT 4,'*IDN?'
DEBUG: send SNDT 5,'*IDN?'
DEBUG: send SNDT 6,'*IDN?'
DEBUG: recv MSG 1,#213+0.000000E+00
DEBUG: file write: 1517028127061, +0.000000E+00
DEBUG: recv MSG 1,#213+0.000000E+00
DEBUG: file write: 1517028127156, +0.000000E+00
DEBUG: recv MSG 4,#250Stanford_Research_Systems,SIM922,s/n023413,ver2.70
DEBUG: recv MSG 5,#250Stanford_Research_Systems,SIM922,s/n023414,ver2.70
DEBUG: file write: 1517028126338, Stanford_Research_Systems,SIM922,s/n023415,ver2.70, Stanford_Research_Systems,SIM922,s/n023413,ver2.70, Stanford_Research_Systems,SIM922,s/n023414,ver2.70
DEBUG: recv MSG 6,#250Stanford_Research_Systems,SIM922,s/n023415,ver2.70
DEBUG: recv MSG 1,#213+0.000000E+00
DEBUG: file write: 1517028127374, +0.000000E+00
DEBUG: recv MSG 1,#213+0.000000E+00
DEBUG: file write: 1517028127405, +0.000000E+00
DEBUG: recv MSG 1,#213+0.000000E+00
DEBUG: file write: 1517028127461, +0.000000E+00
DEBUG: recv MSG 1,#213+0.000000E+00
DEBUG: file write: 1517028127560, +0.000000E+00
DEBUG: recv MSG 1,#213+0.000000E+00
DEBUG: file write: 1517028127661, +0.000000E+00
DEBUG: recv MSG 1,#213+0.000000E+00
DEBUG: file write: 1517028127760, +0.000000E+00
DEBUG: recv MSG 1,#213+0.000000E+00
DEBUG: file write: 1517028127861, +0.000000E+00
DEBUG: recv MSG 1,#213+0.000000E+00
DEBUG: file write: 1517028127961, +0.000000E+00
DEBUG: recv MSG 1,#213+0.000000E+00
DEBUG: file write: 1517028128060, +0.000000E+00
DEBUG: send SNDT 4,'*IDN?'
DEBUG: send SNDT 5,'*IDN?'
DEBUG: send SNDT 6,'*IDN?'
DEBUG: recv MSG 1,#213+0.000000E+00
DEBUG: file write: 1517028128162, +0.000000E+00
DEBUG: recv MSG 4,#250Stanford_Research_Systems,SIM922,s/n023413,ver2.70
DEBUG: recv MSG 5,#250Stanford_Research_Systems,SIM922,s/n023414,ver2.70
DEBUG: file write: 1517028127340, Stanford_Research_Systems,SIM922,s/n023415,ver2.70, Stanford_Research_Systems,SIM922,s/n023413,ver2.70, Stanford_Research_Systems,SIM922,s/n023414,ver2.70
DEBUG: recv MSG 6,#250Stanf rd_Research_Systems,SIM922,s/n023415,ver2.70
DEBUG: recv MSG 1,#213+0.000000E+00
DEBUG: file write: 1517028128382, +0.000000E+00
DEBUG: recv MSG 1,#213+0.000000E+00
DEBUG: file write: 1517028128429, +0.000000E+00
DEBUG: recv MSG 1,#213+0.000000E+00
DEBUG: file write: 1517028128462, +0.000000E+00
DEBUG: recv MSG 1,#213+0.000000E+00
DEBUG: file write: 1517028128560, +0.000000E+00
DEBUG: recv MSG 1,#213+0.000000E+00
DEBUG: file write: 1517028128660, +0.000000E+00
DEBUG: recv MSG 1,#213+0.000000E+00
DEBUG: file write: 1517028128761, +0.000000E+00
DEBUG: recv MSG 1,#213+0.000000E+00
DEBUG: file write: 1517028128860, +0.000000E+00
DEBUG: recv MSG 1,#213+0.000000E+00
DEBUG: file write: 1517028128960, +0.000000E+00
DEBUG: recv MSG 1,#213+0.000000E+00
DEBUG: file write: 1517028129061, +0.000000E+00
DEBUG: send SNDT 4,'*IDN?'
DEBUG: send SNDT 5,'*IDN?'
DEBUG: send SNDT 6,'*IDN?'
DEBUG: recv MSG 1,#213+0.000000E+00
DEBUG: file write: 1517028129161, +0.000000E+00
DEBUG: recv MSG 4,#250Stanford_Research_Systems,SIM922,s/n023413,ver2.70
DEBUG: recv MSG 5,#250Stanford_Research_Systems,SIM922,s/n023414,ver2.70
DEBUG: file write: 1517028128365, Stanf rd_Research_Systems,SIM922,s/n023415,ver2.70, Stanford_Research_Systems,SIM922,s/n023413,ver2.70, Stanford_Research_Systems,SIM922,s/n023414,ver2.70
DEBUG: recv MSG 6,#250Stanford_Research_Systems,SIM922,s/n023415,ver2.70
DEBUG: recv MSG 1,#213+0.000000E+00
DEBUG: file write: 1517028129400, +0.000000E+00
DEBUG: recv MSG 1,#213+0.000000E+00
DEBUG: file write: 1517028129434, +0.000000E+00
DEBUG: recv MSG 1,#213+0.000000E+00
DEBUG: file write: 1517028129465, +0.000000E+00
DEBUG: recv MSG 1,#213+0.000000E+00
DEBUG: file write: 1517028129561, +0.000000E+00
DEBUG: recv MSG 1,#213+0.000000E+00
DEBUG: file write: 1517028129661, +0.000000E+00
DEBUG: recv MSG 1,#213+0.000000E+00
DEBUG: file write: 1517028129760, +0.000000E+00
DEBUG: recv MSG 1,#213+0.000000E+00
DEBUG: file write: 1517028129861, +0.000000E+00
DEBUG: recv MSG 1,#213+0.000000E+00
DEBUG: file write: 1517028129960, +0.000000E+00
DEBUG: recv MSG 1,#213+0.000000E+00
DEBUG: file write: 1517028130061, +0.000000E+00
DEBUG: send SNDT 4,'*IDN?'
DEBUG: send SNDT 5,'*IDN?'
DEBUG: send SNDT 6,'*IDN?'
DEBUG: recv MSG 1,#213+0.000000E+00
DEBUG: file write: 1517028130161, +0.000000E+00
DEBUG: recv MSG 4,#250Stanford_Research_Systems,SIM922,s/n023413,ver2.70
DEBUG: recv MSG 5,#250Stanford_Research_Systems,SIM922,s/n023414,ver2.70
DEBUG: file write: 1517028129384, Stanford_Research_Systems,SIM922,s/n023415,ver2.70, Stanford_Research_Systems,SIM922,s/n023413,ver2.70, Stanford_Research_Systems,SIM922,s/n023414,ver2.70
DEBUG: recv MSG 1,#213+0.000000E+00
DEBUG: file write: 1517028130368, +0.000000E+00
DEBUG: recv MSG 6,#250Stanford_Research_Systems,SIM922,s/n023415,ver2.70
DEBUG: recv MSG 1,#213+0.000000E+00
DEBUG: file write: 1517028130452, +0.000000E+00
DEBUG: recv MSG 1,#213+0.000000E+00
DEBUG: file write: 1517028130483, +0.000000E+00
DEBUG: recv MSG 1,#213+0.000000E+00
DEBUG: file write: 1517028130560, +0.000000E+00
DEBUG: recv MSG 1,#213+0.000000E+00
DEBUG: file write: 1517028130662, +0.000000E+00
DEBUG: recv MSG 1,#213+0.000000E+00
DEBUG: file write: 1517028130760, +0.000000E+00
DEBUG: recv MSG 1,#213+0.000000E+00
DEBUG: file write: 1517028130860, +0.000000E+00
DEBUG: recv MSG 1,#213+0.000000E+00
DEBUG: file write: 1517028130960, +0.000000E+00
DEBUG: recv MSG 1,#213+0.000000E+00
DEBUG: file write: 1517028131060, +0.000000E+00
DEBUG: send SNDT 4,'*IDN?'
DEBUG: send SNDT 5,'*IDN?'
DEBUG: send SNDT 6,'*IDN?'
DEBUG: recv MSG 1,#213+0.000000E+00
DEBUG: file write: 1517028131160, +0.000000E+00
DEBUG: recv MSG 4,#250Stanford_Research_Systems,SIM922,s/n023413,ver2.70
DEBUG: recv MSG 1,#213+0.000000E+00
DEBUG: file write: 1517028131318, +0.000000E+00
DEBUG: recv MSG 5,#250Stanford_Research_Systems,SIM922,s/n023414,ver2.70
DEBUG: file write: 1517028130418, Stanford_Research_Systems,SIM922,s/n023415,ver2.70, Stanford_Research_Systems,SIM922,s/n023413,ver2.70, Stanford_Research_Systems,SIM922,s/n023414,ver2.70
DEBUG: recv MSG 6,#250Stanford_Research_Systems,SIM922,s/n023415,ver2.70
DEBUG: recv MSG 1,#213+0.000000E+00
DEBUG: file write: 1517028131469, +0.000000E+00
DEBUG: recv MSG 1,#213+0.000000E+00
DEBUG: file write: 1517028131500, +0.000000E+00
DEBUG: recv MSG 1,#213+0.000000E+00
DEBUG: file write: 1517028131560, +0.000000E+00
DEBUG: recv MSG 1,#213+0.000000E+00
DEBUG: file write: 1517028131660, +0.000000E+00
DEBUG: recv MSG 1,#213+0.000000E+00
DEBUG: file write: 1517028131760, +0.000000E+00
DEBUG: recv MSG 1,#213+0.000000E+00
DEBUG: file write: 1517028131861, +0.000000E+00
DEBUG: recv MSG 1,#213+0.000000E+00
DEBUG: file write: 1517028131961, +0.000000E+00
DEBUG: recv MSG 1,#213+0.000000E+00
DEBUG: file write: 1517028132060, +0.000000E+00
DEBUG: send SNDT 4,'*IDN?'
DEBUG: send SNDT 5,'*IDN?'
DEBUG: send SNDT 6,'*IDN?'
DEBUG: recv MSG 1,#213+0.000000E+00
DEBUG: file write: 1517028132160, +0.000000E+00
DEBUG: recv MSG 1,#213+0.000000E+00
DEBUG: file write: 1517028132253, +0.000000E+00
DEBUG: recv MSG 4,#250Stanford_Research_Systems,SIM922,s/n023413,ver2.70
DEBUG: recv MSG 5,#250Stanford_Research_Systems,SIM922,s/n023414,ver2.70
DEBUG: file write: 1517028131436, Stanford_Research_Systems,SIM922,s/n023415,ver2.70, Stanford_Research_Systems,SIM922,s/n023413,ver2.70, Stanford_Research_Systems,SIM922,s/n023414,ver2.70
DEBUG: recv MSG 6,#250Stanford_Research_Systems,SIM922,s/n023415,ver2.70
DEBUG: recv MSG 1,#213+0.000000E+00
DEBUG: file write: 1517028132471, +0.000000E+00
DEBUG: recv MSG 1,#213+0.000000E+00
DEBUG: file write: 1517028132503, +0.000000E+00
DEBUG: recv MSG 1,#213+0.000000E+00
DEBUG: file write: 1517028132561, +0.000000E+00
DEBUG: recv MSG 1,#213+0.000000E+00
DEBUG: file write: 1517028132661, +0.000000E+00
DEBUG: recv MSG 1,#213+0.000000E+00
DEBUG: file write: 1517028132760, +0.000000E+00
DEBUG: recv MSG 1,#213+0.000000E+00
DEBUG: file write: 1517028132861, +0.000000E+00
DEBUG: recv MSG 1,#213+0.000000E+00
DEBUG: file write: 1517028132961, +0.000000E+00
DEBUG: recv MSG 1,#213+0.000000E+00
DEBUG: file write: 1517028133060, +0.000000E+00
DEBUG: send SNDT 4,'*IDN?'
DEBUG: send SNDT 5,'*IDN?'
DEBUG: send SNDT 6,'*IDN?'
DEBUG: recv MSG 1,#213+0.000000E+00
DEBUG: file write: 1517028133161, +0.000000E+00
DEBUG: recv MSG 1,#213+0.000000E+00
DEBUG: file write: 1517028133260, +0.000000E+00
DEBUG: recv MSG 4,#250Stanford_Research_Systems,SIM922,s/n023413,ver2.70
DEBUG: recv MSG 5,#250Stanford_Research_Systems,SIM922,s/n023414,ver2.70
DEBUG: file write: 1517028132438, Stanford_Research_Systems,SIM922,s/n023415,ver2.70, Stanford_Research_Systems,SIM922,s/n023413,ver2.70, Stanford_Research_Systems,SIM922,s/n023414,ver2.70
DEBUG: recv MSG 6,#250Stanford_Research_Systems,SIM922,s/n023415,ver2.70
DEBUG: recv MSG 1,#213+0.000000E+00
DEBUG: file write: 1517028133478, +0.000000E+00
DEBUG: recv MSG 1,#213+0.000000E+00
DEBUG: file write: 1517028133510, +0.000000E+00
DEBUG: recv MSG 1,#213+0.000000E+00
DEBUG: file write: 1517028133560, +0.000000E+00
DEBUG: recv MSG 1,#213+0.000000E+00
DEBUG: file write: 1517028133661, +0.000000E+00
DEBUG: recv MSG 1,#213+0.000000E+00
DEBUG: file write: 1517028133760, +0.000000E+00
DEBUG: recv MSG 1,#213+0.000000E+00
DEBUG: file write: 1517028133860, +0.000000E+00
DEBUG: recv MSG 1,#213+0.000000E+00
DEBUG: file write: 1517028133961, +0.000000E+00
DEBUG: recv MSG 1,#213+0.000000E+00
DEBUG: file write: 1517028134060, +0.000000E+00
DEBUG: recv MSG 1,#213+0.000000E+00
DEBUG: file write: 1517028134160, +0.000000E+00
DEBUG: send SNDT 4,'*IDN?'
DEBUG: send SNDT 5,'*IDN?'
DEBUG: send SNDT 6,'*IDN?'
DEBUG: recv MSG 1,#213+0.000000E+00
DEBUG: file write: 1517028134261, +0.000000E+00
DEBUG: recv MSG 4,#250Stanford_Research Systems,SIM922,s/n023413,ver2.70
DEBUG: recv MSG 5,#250Stanford_Research_Systems,SIM922,s/n023414,ver2.70
DEBUG: file write: 1517028133445, Stanford_Research_Systems,SIM922,s/n023415,ver2.70, Stanford_Research Systems,SIM922,s/n023413,ver2.70, Stanford_Research_Systems,SIM922,s/n023414,ver2.70
DEBUG: recv MSG 6,#250Stanford_Research_Systems,SIM922,s/n023415,ver2.70
DEBUG: recv MSG 1,#213+0.000000E+00
DEBUG: file write: 1517028134488, +0.000000E+00
DEBUG: recv MSG 1,#213+0.000000E+00
DEBUG: file write: 1517028134530, +0.000000E+00
DEBUG: recv MSG 1,#213+0.000000E+00
DEBUG: file write: 1517028134562, +0.000000E+00
DEBUG: recv MSG 1,#213+0.000000E+00
DEBUG: file write: 1517028134660, +0.000000E+00
DEBUG: recv MSG 1,#213+0.000000E+00
DEBUG: file write: 1517028134761, +0.000000E+00
DEBUG: recv MSG 1,#213+0.000000E+00
DEBUG: file write: 1517028134860, +0.000000E+00
DEBUG: recv MSG 1,#213+0.000000E+00
DEBUG: file write: 1517028134960, +0.000000E+00
DEBUG: recv MSG 1,#213+0.000000E+00
DEBUG: file write: 1517028135061, +0.000000E+00
DEBUG: recv MSG 1,#213+0.000000E+00
DEBUG: file write: 1517028135160, +0.000000E+00
DEBUG: send SNDT 4,'*IDN?'
DEBUG: send SNDT 5,'*IDN?'
DEBUG: send SNDT 6,'*IDN?'
DEBUG: recv MSG 1,#213+0.000000E+00
DEBUG: file write: 1517028135261, +0.000000E+00
DEBUG: recv MSG 4,#250Stanford_Research_Systems,SIM922,s/n023413,ver2.70
DEBUG: recv MSG 5,#250Stanford_Research_Systems,SIM922,s/n023414,ver2.70
DEBUG: file write: 1517028134471, Stanford_Research_Systems,SIM922,s/n023415,ver2.70, Stanford_Research_Systems,SIM922,s/n023413,ver2.70, Stanford_Research_Systems,SIM922,s/n023414,ver2.70
DEBUG: recv MSG 1,#213+0.000000E+00
DEBUG: file write: 1517028135454, +0.000000E+00
DEBUG: recv MSG 6,#250Stanford_Research_Systems,SIM922,s/n023415,ver2.70
DEBUG: recv MSG 1,#213+0.000000E+00
DEBUG: file write: 1517028135538, +0.000000E+00
DEBUG: recv MSG 1,#213+0.000000E+00
DEBUG: file write: 1517028135570, +0.000000E+00
DEBUG: recv MSG 1,#213+0.000000E+00
DEBUG: file write: 1517028135660, +0.000000E+00
DEBUG: recv MSG 1,#213+0.000000E+00
DEBUG: file write: 1517028135760, +0.000000E+00
DEBUG: recv MSG 1,#213+0.000000E+00
DEBUG: file write: 1517028135862, +0.000000E+00
DEBUG: recv MSG 1,#213+0.000000E+00
DEBUG: file write: 1517028135961, +0.000000E+00
DEBUG: recv MSG 1,#213+0.000000E+00
DEBUG: file write: 1517028136060, +0.000000E+00
DEBUG: recv MSG 1,#213+0.000000E+00
DEBUG: file write: 1517028136161, +0.000000E+00
DEBUG: send SNDT 4,'*IDN?'
DEBUG: send SNDT 5,'*IDN?'
DEBUG: send SNDT 6,'*IDN?'
DEBUG: recv MSG 1,#213+0.000000E+00
DEBUG: file write: 1517028136260, +0.000000E+00
DEBUG: recv MSG 4,#250Stanford_Research_Systems,SIM922,s/n023413,ver2.70
DEBUG: recv MSG 1,#213+0.000000E+00
DEBUG: file write: 1517028136406, +0.000000E+00
DEBUG: recv MSG 5,#250Stanford_Research_Systems,SIM922,s/n023414,ver2.70
DEBUG: file write: 1517028135505, Stanford_Research_Systems,SIM922,s/n023415,ver2.70, Stanford_Research_Systems,SIM922,s/n023413,ver2.70, Stanford_Research_Systems,SIM922,s/n023414,ver2.70
DEBUG: recv MSG 6,#250Stanford_Research_Systems,SIM922,s/n023415,ver2.70
DEBUG: recv MSG 1,#213+0.000000E+00
DEBUG: file write: 1517028136556, +0.000000E+00
DEBUG: recv MSG 1,#213+0.000000E+00
DEBUG: file write: 1517028136587, +0.000000E+00
DEBUG: recv MSG 1,#213+0.000000E+00
DEBUG: file write: 1517028136662, +0.000000E+00
DEBUG: recv MSG 1,#213+0.000000E+00
DEBUG: file write: 1517028136760, +0.000000E+00
DEBUG: recv MSG 1,#213+0.000000E+00
DEBUG: file write: 1517028136861, +0.000000E+00
DEBUG: recv MSG 1,#213+0.000000E+00
DEBUG: file write: 1517028136961, +0.000000E+00
DEBUG: recv MSG 1,#213+0.000000E+00
DEBUG: file write: 1517028137060, +0.000000E+00
DEBUG: recv MSG 1,#213+0.000000E+00
DEBUG: file write: 1517028137160, +0.000000E+00
DEBUG: send SNDT 4,'*IDN?'
DEBUG: send SNDT 5,'*IDN?'
DEBUG: send SNDT 6,'*IDN?'
DEBUG: recv MSG 1,#213+0.000000E+00
DEBUG: file write: 1517028137261, +0.000000E+00
DEBUG: recv MSG 1,#213+0.000000E+00
DEBUG: file write: 1517028137354, +0.000000E+00
DEBUG: recv MSG 4,#250Stanford_Research_Systems,SIM922,s/n023413,ver2.70
DEBUG: recv MSG 5,#250Stanford_Research_Systems,SIM922,s/n023414,ver2.70
DEBUG: file write: 1517028136523, Stanford_Research_Systems,SIM922,s/n023415,ver2.70, Stanford_Research_Systems,SIM922,s/n023413,ver2.70, Stanford_Research_Systems,SIM922,s/n023414,ver2.70
DEBUG: recv MSG 6,#250Stanford_Research_Systems,SIM922,s/n023415,ver2.70
DEBUG: recv MSG 1,#213+0.000000E+00
DEBUG: file write: 1517028137572, +0.000000E+00
DEBUG: recv MSG 1,#213+0.000000E+00
DEBUG: file write: 1517028137603, +0.000000E+00
DEBUG: recv MSG 1,#213+0.000000E+00
DEBUG: file write: 1517028137660, +0.000000E+00
DEBUG: recv MSG 1,#213+0.000000E+00
DEBUG: file write: 1517028137761, +0.000000E+00
DEBUG: recv MSG 1,#213+0.000000E+00
DEBUG: file write: 1517028137861, +0.000000E+00
DEBUG: recv MSG 1,#213+0.000000E+00
DEBUG: file write: 1517028137961, +0.000000E+00
DEBUG: recv MSG 1,#213+0.000000E+00
DEBUG: file write: 1517028138061, +0.000000E+00
DEBUG: recv MSG 1,#213+0.000000E+00
DEBUG: file write: 1517028138162, +0.000000E+00
DEBUG: recv MSG 1,#213+0.000000E+00
DEBUG: send SNDT 1,'SOUT'
DEBUG: file write: 1517028138260, +0.000000E+00

